<?xml version="1.0" encoding="UTF-8"?>
<testng-results ignored="0" total="1" passed="1" failed="0" skipped="0">
  <reporter-output>
  </reporter-output>
  <suite started-at="2024-10-10T14:44:13 SAST" name="Default suite" finished-at="2024-10-10T14:44:14 SAST" duration-ms="1133">
    <groups>
      <group name="cucumber">
        <method signature="AbstractTestNGCucumberTests.runScenario(io.cucumber.testng.PickleWrapper,io.cucumber.testng.FeatureWrapper)[pri:0, instance:runnerPackage.testOrder@428640fa]" name="runScenario" class="io.cucumber.testng.AbstractTestNGCucumberTests"/>
      </group> <!-- cucumber -->
    </groups>
    <test started-at="2024-10-10T14:44:13 SAST" name="Default test" finished-at="2024-10-10T14:44:14 SAST" duration-ms="1133">
      <class name="runnerPackage.testOrder">
        <test-method is-config="true" signature="setUpClass(org.testng.ITestContext)[pri:0, instance:runnerPackage.testOrder@428640fa]" started-at="2024-10-10T14:44:13 SAST" name="setUpClass" finished-at="2024-10-10T14:44:14 SAST" duration-ms="852" status="PASS">
          <params>
            <param index="0">
              <value>
                <![CDATA[org.testng.TestRunner@6034e75d]]>
              </value>
            </param>
          </params>
          <reporter-output>
          </reporter-output>
        </test-method> <!-- setUpClass -->
        <test-method signature="runScenario(io.cucumber.testng.PickleWrapper,io.cucumber.testng.FeatureWrapper)[pri:0, instance:runnerPackage.testOrder@428640fa]" started-at="2024-10-10T14:44:14 SAST" name="runScenario" description="Runs Cucumber Scenarios" data-provider="scenarios" finished-at="2024-10-10T14:44:14 SAST" duration-ms="210" status="PASS">
          <params>
            <param index="0">
              <value>
                <![CDATA["User placing an online order"]]>
              </value>
            </param>
            <param index="1">
              <value>
                <![CDATA["Placinng an order on the online store"]]>
              </value>
            </param>
          </params>
          <reporter-output>
          </reporter-output>
        </test-method> <!-- runScenario -->
        <test-method is-config="true" signature="tearDownClass()[pri:0, instance:runnerPackage.testOrder@428640fa]" started-at="2024-10-10T14:44:14 SAST" name="tearDownClass" finished-at="2024-10-10T14:44:14 SAST" duration-ms="24" status="PASS">
          <reporter-output>
          </reporter-output>
        </test-method> <!-- tearDownClass -->
      </class> <!-- runnerPackage.testOrder -->
    </test> <!-- Default test -->
  </suite> <!-- Default suite -->
</testng-results>
